<?xml version="1.0" encoding="UTF-8"?>
<!-- Generated by org.testng.reporters.JUnitXMLReporter -->
<testsuite hostname="DESKTOP-S9V4H7S" failures="0" tests="8" name="Default test" time="25.863" errors="0" timestamp="11 Jul 2024 14:40:40 GMT">
  <testcase classname="com.meesho.MeeshoAutomation" name="launch" time="3.754"/>
  <testcase classname="com.meesho.MeeshoAutomation" name="launch" time="3.754"/>
  <testcase classname="com.meesho.MeeshoAutomation" name="search" time="6.876"/>
  <testcase classname="com.meesho.MeeshoAutomation" name="search" time="6.876"/>
  <testcase classname="com.meesho.MeeshoAutomation" name="product_filter" time="3.487"/>
  <testcase classname="com.meesho.MeeshoAutomation" name="product_filter" time="3.487"/>
  <testcase classname="com.meesho.MeeshoAutomation" name="shoe" time="6.544"/>
  <testcase classname="com.meesho.MeeshoAutomation" name="shoe" time="6.544"/>
</testsuite> <!-- Default test -->
