<?xml version="1.0" encoding="UTF-8"?>
<testng-results total="4" passed="4" failed="0" skipped="0">
  <reporter-output>
  </reporter-output>
  <suite started-at="2024-07-11T14:40:14Z" name="Default suite" finished-at="2024-07-11T14:40:40Z" duration-ms="25863">
    <groups>
    </groups>
    <test started-at="2024-07-11T14:40:14Z" name="Default test" finished-at="2024-07-11T14:40:40Z" duration-ms="25863">
      <class name="com.meesho.MeeshoAutomation">
        <test-method is-config="true" signature="setUp()[pri:0, instance:com.meesho.MeeshoAutomation@7a1a14a4]" started-at="2024-07-11T20:10:14Z" name="setUp" finished-at="2024-07-11T20:10:19Z" duration-ms="4841" status="PASS">
          <reporter-output>
          </reporter-output>
        </test-method> <!-- setUp -->
        <test-method signature="launch()[pri:1, instance:com.meesho.MeeshoAutomation@7a1a14a4]" started-at="2024-07-11T20:10:19Z" name="launch" finished-at="2024-07-11T20:10:22Z" duration-ms="3754" status="PASS">
          <reporter-output>
          </reporter-output>
        </test-method> <!-- launch -->
        <test-method signature="search()[pri:2, instance:com.meesho.MeeshoAutomation@7a1a14a4]" started-at="2024-07-11T20:10:22Z" name="search" finished-at="2024-07-11T20:10:29Z" duration-ms="6876" status="PASS">
          <reporter-output>
          </reporter-output>
        </test-method> <!-- search -->
        <test-method signature="product_filter()[pri:3, instance:com.meesho.MeeshoAutomation@7a1a14a4]" started-at="2024-07-11T20:10:29Z" name="product_filter" finished-at="2024-07-11T20:10:33Z" duration-ms="3487" status="PASS">
          <reporter-output>
          </reporter-output>
        </test-method> <!-- product_filter -->
        <test-method signature="shoe()[pri:4, instance:com.meesho.MeeshoAutomation@7a1a14a4]" started-at="2024-07-11T20:10:33Z" name="shoe" finished-at="2024-07-11T20:10:39Z" duration-ms="6544" status="PASS">
          <reporter-output>
          </reporter-output>
        </test-method> <!-- shoe -->
        <test-method is-config="true" signature="close()[pri:0, instance:com.meesho.MeeshoAutomation@7a1a14a4]" started-at="2024-07-11T20:10:39Z" name="close" finished-at="2024-07-11T20:10:40Z" duration-ms="286" status="PASS">
          <reporter-output>
          </reporter-output>
        </test-method> <!-- close -->
      </class> <!-- com.meesho.MeeshoAutomation -->
    </test> <!-- Default test -->
  </suite> <!-- Default suite -->
</testng-results>
